Arguments: 
  C:\Program Files\nodejs\node.exe C:\Users\danie\code\harp\.yarn\releases\yarn-1.22.10.cjs set version 1.23.0

PATH: 
  C:\Users\danie\Downloads\cmder\vendor\bin;C:\Users\danie\Downloads\cmder\vendor\conemu-maximus5\ConEmu\Scripts;C:\Users\danie\Downloads\cmder\vendor\conemu-maximus5;C:\Users\danie\Downloads\cmder\vendor\conemu-maximus5\ConEmu;C:\Windows\system32;C:\Windows;C:\Windows\System32\Wbem;C:\Windows\System32\WindowsPowerShell\v1.0\;C:\Windows\System32\OpenSSH\;C:\Program Files (x86)\NVIDIA Corporation\PhysX\Common;C:\Program Files\NVIDIA Corporation\NVIDIA NvDLISR;C:\Program Files\Git\cmd;C:\WINDOWS\system32;C:\WINDOWS;C:\WINDOWS\System32\Wbem;C:\WINDOWS\System32\WindowsPowerShell\v1.0\;C:\WINDOWS\System32\OpenSSH\;C:\Users\danie\AppData\Roaming\nvm;C:\Program Files\nodejs;C:\Program Files\MongoDB\Server\4.4\bin;C:\Program Files\Docker\Docker\resources\bin;C:\ProgramData\DockerDesktop\version-bin;C:\Users\danie\.windows-build-tools\python27\;C:\Users\danie\AppData\Local\Microsoft\WindowsApps;C:\Users\danie\AppData\Roaming\npm;C:\Users\danie\AppData\Local\Programs\Microsoft VS Code\bin;C:\Program Files\heroku\bin;C:\Users\danie\AppData\Local\Microsoft\WindowsApps;C:\Users\danie\AppData\Roaming\nvm;C:\Program Files\nodejs;C:\Program Files\Git\mingw64\bin;C:\Program Files\Git\usr\bin;C:\Users\danie\Downloads\cmder

Yarn version: 
  1.22.10

Node version: 
  12.16.3

Platform: 
  win32 x64

Trace: 
  Error: Release not found: 1.23.0
      at C:\Users\danie\code\harp\.yarn\releases\yarn-1.22.10.cjs:98328:17
      at Generator.next (<anonymous>)
      at step (C:\Users\danie\code\harp\.yarn\releases\yarn-1.22.10.cjs:310:30)
      at C:\Users\danie\code\harp\.yarn\releases\yarn-1.22.10.cjs:321:13
      at processTicksAndRejections (internal/process/task_queues.js:97:5)

npm manifest: 
  No manifest

yarn manifest: 
  No manifest

Lockfile: 
  # THIS IS AN AUTOGENERATED FILE. DO NOT EDIT THIS FILE DIRECTLY.
  # yarn lockfile v1
